fatal: Test fatal
error: Error
error: Error
error: Test error
fatal: Test fatal
error: Error trying to create a new product
error: 500 - Error trying to create a new product
error: 500 - Error trying to create a new product
error: Test error
fatal: Test fatal
error: 500 - Error trying to create a new product
error: 500 - Error trying to create a new product
error: 500 - Error trying to create a new product
error: 500 - Error trying to create a new product
error: 500 - Error trying to create a new product
error: 500 - Error trying to create a new product
error: 500 - Error trying to create a new product
error: 500 - Error trying to create a new product
error: undefined
error: undefined
error: undefined {"code":"ERR_HTTP_HEADERS_SENT"}
error: undefined
error: [object Object] {"status":400}
error: [object Object] {"status":400}
error: [object Object] {"status":400}
error: [object Object] {"status":400}
error: [object Object] {"status":400}
error: [object Object] {"status":400}
error: [object Object] {"status":400}
error: [object Object] {"status":400}
error: [object Object] {"status":400}
error: [object Object] {"status":400}
error: [object Object] {"status":400}
error: [object Object] {"status":400}
error: [object Object] {"status":400}
error: [object Object] {"status":400}
error: [object Object] {"status":400}
error: [object Object] {"status":400}
error: [object Object] {"status":400}
error: [object Object] {"status":400}
error: [object Object] {"status":400}
error: [object Object] {"status":400}
error: [object Object] {"status":400}
error: undefined
error: undefined
